[debug] [2019-05-15T14:30:04.181Z] ----------------------------------------------------------------------
[debug] [2019-05-15T14:30:04.185Z] Command:       C:\Program Files\nodejs\node.exe C:\Users\Astre\AppData\Roaming\npm\node_modules\firebase-tools\lib\bin\firebase.js serve
[debug] [2019-05-15T14:30:04.185Z] CLI Version:   6.9.2
[debug] [2019-05-15T14:30:04.185Z] Platform:      win32
[debug] [2019-05-15T14:30:04.185Z] Node Version:  v11.6.0
[debug] [2019-05-15T14:30:04.187Z] Time:          Wed May 15 2019 17:30:04 GMT+0300 (GMT+03:00)
[debug] [2019-05-15T14:30:04.187Z] ----------------------------------------------------------------------
[debug] 
[debug] [2019-05-15T14:30:04.200Z] > command requires scopes: ["email","openid","https://www.googleapis.com/auth/cloudplatformprojects.readonly","https://www.googleapis.com/auth/firebase","https://www.googleapis.com/auth/cloud-platform"]
[debug] [2019-05-15T14:30:04.201Z] > authorizing via signed-in user
[debug] [2019-05-15T14:30:04.201Z] [iam] checking project the-trainer-332c2 for permissions ["firebase.projects.get"]
[debug] [2019-05-15T14:30:04.203Z] >>> HTTP REQUEST POST https://cloudresourcemanager.googleapis.com/v1/projects/the-trainer-332c2:testIamPermissions  

[debug] [2019-05-15T14:30:05.321Z] <<< HTTP RESPONSE 200
[debug] [2019-05-15T14:30:05.323Z] >>> HTTP REQUEST GET https://cloudresourcemanager.googleapis.com/v1/projects/the-trainer-332c2  
 
[debug] [2019-05-15T14:30:06.235Z] <<< HTTP RESPONSE 200
[info] 
[info] === Serving from 'C:\Users\Astre\ionic\The-Trainer\firebase'...
[info] 
[warn] !  Your requested "node" version "8" doesn't match your global version "11"
[debug] [2019-05-15T14:30:06.267Z] >>> HTTP REQUEST GET https://mobilesdk-pa.googleapis.com/v1/projects/739376908599:getServerAppConfig  
 
[debug] [2019-05-15T14:30:06.883Z] <<< HTTP RESPONSE 200
[info] +  functions: Emulator started at http://localhost:5000
[info] i  functions: Watching "C:\Users\Astre\ionic\The-Trainer\firebase\functions" for Cloud Functions...
[debug] [2019-05-15T14:30:10.253Z] Functions runtime initialized.
[debug] [2019-05-15T14:30:10.253Z] Disabled runtime features: {"functions_config_helper":true,"network_filtering":true,"timeout":true,"memory_limiting":true,"protect_env":true,"admin_stubs":true}
[warn] !  The Cloud Functions emulator requires the module "firebase-functions-test" to be installed as a development dependency. To fix this, run "npm install --save-dev firebase-functions-test" in your functions directory.
[info] i  functions: Your functions could not be parsed due to an issue with your node_modules (see above)
[debug] [2019-05-15T14:36:23.430Z] ----------------------------------------------------------------------
[debug] [2019-05-15T14:36:23.434Z] Command:       C:\Program Files\nodejs\node.exe C:\Users\Astre\AppData\Roaming\npm\node_modules\firebase-tools\lib\bin\firebase.js serve
[debug] [2019-05-15T14:36:23.434Z] CLI Version:   6.9.2
[debug] [2019-05-15T14:36:23.434Z] Platform:      win32
[debug] [2019-05-15T14:36:23.434Z] Node Version:  v11.6.0
[debug] [2019-05-15T14:36:23.436Z] Time:          Wed May 15 2019 17:36:23 GMT+0300 (GMT+03:00)
[debug] [2019-05-15T14:36:23.436Z] ----------------------------------------------------------------------
[debug] 
[debug] [2019-05-15T14:36:23.447Z] > command requires scopes: ["email","openid","https://www.googleapis.com/auth/cloudplatformprojects.readonly","https://www.googleapis.com/auth/firebase","https://www.googleapis.com/auth/cloud-platform"]
[debug] [2019-05-15T14:36:23.447Z] > authorizing via signed-in user
[debug] [2019-05-15T14:36:23.448Z] [iam] checking project the-trainer-332c2 for permissions ["firebase.projects.get"]
[debug] [2019-05-15T14:36:23.450Z] >>> HTTP REQUEST POST https://cloudresourcemanager.googleapis.com/v1/projects/the-trainer-332c2:testIamPermissions  

[debug] [2019-05-15T14:36:24.571Z] <<< HTTP RESPONSE 200
[debug] [2019-05-15T14:36:24.579Z] >>> HTTP REQUEST GET https://cloudresourcemanager.googleapis.com/v1/projects/the-trainer-332c2  
 
[debug] [2019-05-15T14:36:25.497Z] <<< HTTP RESPONSE 200
[info] 
[info] === Serving from 'C:\Users\Astre\ionic\The-Trainer\firebase'...
[info] 
[warn] !  Your requested "node" version "8" doesn't match your global version "11"
[debug] [2019-05-15T14:36:25.538Z] >>> HTTP REQUEST GET https://mobilesdk-pa.googleapis.com/v1/projects/739376908599:getServerAppConfig  
 
[debug] [2019-05-15T14:36:26.002Z] <<< HTTP RESPONSE 200
[info] +  functions: Emulator started at http://localhost:5000
[info] i  functions: Watching "C:\Users\Astre\ionic\The-Trainer\firebase\functions" for Cloud Functions...
[debug] [2019-05-15T14:36:28.341Z] Functions runtime initialized.
[debug] [2019-05-15T14:36:28.341Z] Disabled runtime features: {"functions_config_helper":true,"network_filtering":true,"timeout":true,"memory_limiting":true,"protect_env":true,"admin_stubs":true}
[debug] [2019-05-15T14:36:28.341Z] firebase-admin has been stubbed.
[warn] !  Error: Cannot find module 'C:\Users\Astre\ionic\The-Trainer\firebase\functions'
    at Function.Module._resolveFilename (internal/modules/cjs/loader.js:603:15)
    at Function.Module._load (internal/modules/cjs/loader.js:529:25)
    at Module.require (internal/modules/cjs/loader.js:657:17)
    at require (internal/modules/cjs/helpers.js:22:18)
    at C:\Users\Astre\AppData\Roaming\npm\node_modules\firebase-tools\lib\emulator\functionsEmulatorRuntime.js:482:29
    at Generator.next (<anonymous>)
    at C:\Users\Astre\AppData\Roaming\npm\node_modules\firebase-tools\lib\emulator\functionsEmulatorRuntime.js:7:71
    at new Promise (<anonymous>)
    at __awaiter (C:\Users\Astre\AppData\Roaming\npm\node_modules\firebase-tools\lib\emulator\functionsEmulatorRuntime.js:3:12)
    at main (C:\Users\Astre\AppData\Roaming\npm\node_modules\firebase-tools\lib\emulator\functionsEmulatorRuntime.js:444:12)
[warn] !  Your function was killed because it raised an unhandled error.
